0 info it worked if it ends with ok
1 verbose cli [ '/usr/bin/node',
1 verbose cli   '/usr/bin/npm',
1 verbose cli   'install',
1 verbose cli   '-g',
1 verbose cli   'gulp',
1 verbose cli   'bower' ]
2 info using npm@2.11.3
3 info using node@v0.12.7
4 verbose node symlink /usr/bin/node
5 verbose install initial load of /usr/lib/package.json
6 verbose readDependencies loading dependencies from /usr/lib/package.json
7 silly cache add args [ 'gulp', null ]
8 verbose cache add spec gulp
9 silly cache add args [ 'bower', null ]
10 verbose cache add spec bower
11 silly cache add parsed spec { raw: 'gulp',
11 silly cache add   scope: null,
11 silly cache add   name: 'gulp',
11 silly cache add   rawSpec: '',
11 silly cache add   spec: '*',
11 silly cache add   type: 'range' }
12 silly addNamed gulp@*
13 verbose addNamed "*" is a valid semver range for gulp
14 silly addNameRange { name: 'gulp', range: '*', hasData: false }
15 silly mapToRegistry name gulp
16 silly mapToRegistry using default registry
17 silly mapToRegistry registry https://registry.npmjs.org/
18 silly mapToRegistry uri https://registry.npmjs.org/gulp
19 verbose addNameRange registry:https://registry.npmjs.org/gulp not in flight; fetching
20 silly cache add parsed spec { raw: 'bower',
20 silly cache add   scope: null,
20 silly cache add   name: 'bower',
20 silly cache add   rawSpec: '',
20 silly cache add   spec: '*',
20 silly cache add   type: 'range' }
21 silly addNamed bower@*
22 verbose addNamed "*" is a valid semver range for bower
23 silly addNameRange { name: 'bower', range: '*', hasData: false }
24 silly mapToRegistry name bower
25 silly mapToRegistry using default registry
26 silly mapToRegistry registry https://registry.npmjs.org/
27 silly mapToRegistry uri https://registry.npmjs.org/bower
28 verbose addNameRange registry:https://registry.npmjs.org/bower not in flight; fetching
29 verbose request uri https://registry.npmjs.org/bower
30 verbose request no auth needed
31 info attempt registry request try #1 at 02:35:39
32 verbose request id 963c74936375270d
33 verbose etag "3F7G5WBDIYXY0GU096GPC4SHC"
34 http request GET https://registry.npmjs.org/bower
35 verbose request uri https://registry.npmjs.org/gulp
36 verbose request no auth needed
37 info attempt registry request try #1 at 02:35:39
38 verbose etag "3FQVL4EZSXLHX32L05MALQSTK"
39 http request GET https://registry.npmjs.org/gulp
40 http 200 https://registry.npmjs.org/bower
41 silly get cb [ 200,
41 silly get   { server: 'CouchDB/1.5.0 (Erlang OTP/R16B03)',
41 silly get     etag: '"YDJFDTGIZ9YU9CLMMBSJICWX"',
41 silly get     'content-type': 'application/json',
41 silly get     'cache-control': 'max-age=60',
41 silly get     'content-length': '120304',
41 silly get     'accept-ranges': 'bytes',
41 silly get     date: 'Sun, 20 Sep 2015 06:35:39 GMT',
41 silly get     via: '1.1 varnish',
41 silly get     age: '17',
41 silly get     connection: 'keep-alive',
41 silly get     'x-served-by': 'cache-iad2130-IAD',
41 silly get     'x-cache': 'HIT',
41 silly get     'x-cache-hits': '1',
41 silly get     'x-timer': 'S1442730939.690950,VS0,VE0',
41 silly get     vary: 'Accept' } ]
42 verbose get saving bower to /home/adminuser/.npm/registry.npmjs.org/bower/.cache.json
43 http 200 https://registry.npmjs.org/gulp
44 silly get cb [ 200,
44 silly get   { server: 'CouchDB/1.5.0 (Erlang OTP/R16B03)',
44 silly get     etag: '"714736NBWZIQKC9RVHQTF4LMT"',
44 silly get     'content-type': 'application/json',
44 silly get     'cache-control': 'max-age=60',
44 silly get     'content-length': '106593',
44 silly get     'accept-ranges': 'bytes',
44 silly get     date: 'Sun, 20 Sep 2015 06:35:39 GMT',
44 silly get     via: '1.1 varnish',
44 silly get     age: '47',
44 silly get     connection: 'keep-alive',
44 silly get     'x-served-by': 'cache-jfk1025-JFK',
44 silly get     'x-cache': 'HIT',
44 silly get     'x-cache-hits': '1',
44 silly get     'x-timer': 'S1442730939.702935,VS0,VE0',
44 silly get     vary: 'Accept' } ]
45 verbose get saving gulp to /home/adminuser/.npm/registry.npmjs.org/gulp/.cache.json
46 silly addNameRange number 2 { name: 'bower', range: '*', hasData: true }
47 silly addNameRange versions [ 'bower',
47 silly addNameRange   [ '0.1.0',
47 silly addNameRange     '0.1.2',
47 silly addNameRange     '0.1.3',
47 silly addNameRange     '0.2.0',
47 silly addNameRange     '0.3.0',
47 silly addNameRange     '0.3.1',
47 silly addNameRange     '0.3.2',
47 silly addNameRange     '0.4.0',
47 silly addNameRange     '0.5.0',
47 silly addNameRange     '0.5.1',
47 silly addNameRange     '0.6.0',
47 silly addNameRange     '0.6.1',
47 silly addNameRange     '0.6.2',
47 silly addNameRange     '0.6.3',
47 silly addNameRange     '0.6.4',
47 silly addNameRange     '0.6.5',
47 silly addNameRange     '0.6.6',
47 silly addNameRange     '0.6.7',
47 silly addNameRange     '0.6.8',
47 silly addNameRange     '0.7.0',
47 silly addNameRange     '0.7.1',
47 silly addNameRange     '0.8.0',
47 silly addNameRange     '0.8.1',
47 silly addNameRange     '0.8.2',
47 silly addNameRange     '0.8.3',
47 silly addNameRange     '0.8.4',
47 silly addNameRange     '0.8.5',
47 silly addNameRange     '0.8.6',
47 silly addNameRange     '0.9.0',
47 silly addNameRange     '0.9.1',
47 silly addNameRange     '0.9.2',
47 silly addNameRange     '0.10.0',
47 silly addNameRange     '1.0.0',
47 silly addNameRange     '1.0.1',
47 silly addNameRange     '1.0.2',
47 silly addNameRange     '1.0.3',
47 silly addNameRange     '1.1.0',
47 silly addNameRange     '1.1.1',
47 silly addNameRange     '1.1.2',
47 silly addNameRange     '1.2.0',
47 silly addNameRange     '1.2.1',
47 silly addNameRange     '1.2.2',
47 silly addNameRange     '1.2.3',
47 silly addNameRange     '1.2.4',
47 silly addNameRange     '1.2.5',
47 silly addNameRange     '1.2.6',
47 silly addNameRange     '1.2.7',
47 silly addNameRange     '1.2.8',
47 silly addNameRange     '1.3.0',
47 silly addNameRange     '1.3.1',
47 silly addNameRange     '1.3.2',
47 silly addNameRange     '1.3.3',
47 silly addNameRange     '1.3.4',
47 silly addNameRange     '1.3.5',
47 silly addNameRange     '1.3.6',
47 silly addNameRange     '1.3.7',
47 silly addNameRange     '1.3.8',
47 silly addNameRange     '1.3.9',
47 silly addNameRange     '1.3.10',
47 silly addNameRange     '1.3.11',
47 silly addNameRange     '1.3.12',
47 silly addNameRange     '1.4.0',
47 silly addNameRange     '1.4.1',
47 silly addNameRange     '1.5.0',
47 silly addNameRange     '1.5.1',
47 silly addNameRange     '1.5.2' ] ]
48 silly addNamed bower@1.5.2
49 verbose addNamed "1.5.2" is a plain semver version for bower
50 silly addNameRange number 2 { name: 'gulp', range: '*', hasData: true }
51 silly addNameRange versions [ 'gulp',
51 silly addNameRange   [ '0.0.1',
51 silly addNameRange     '0.0.2',
51 silly addNameRange     '0.0.3',
51 silly addNameRange     '0.0.4',
51 silly addNameRange     '0.0.5',
51 silly addNameRange     '0.0.7',
51 silly addNameRange     '0.0.8',
51 silly addNameRange     '0.0.9',
51 silly addNameRange     '0.1.0',
51 silly addNameRange     '0.2.0',
51 silly addNameRange     '1.0.0',
51 silly addNameRange     '1.1.0',
51 silly addNameRange     '1.2.0',
51 silly addNameRange     '1.2.1',
51 silly addNameRange     '2.0.0',
51 silly addNameRange     '2.0.1',
51 silly addNameRange     '2.1.0',
51 silly addNameRange     '2.2.0',
51 silly addNameRange     '2.3.0',
51 silly addNameRange     '2.4.0',
51 silly addNameRange     '2.4.1',
51 silly addNameRange     '2.6.0',
51 silly addNameRange     '2.6.1',
51 silly addNameRange     '2.7.0',
51 silly addNameRange     '3.0.0',
51 silly addNameRange     '3.1.1',
51 silly addNameRange     '3.1.2',
51 silly addNameRange     '3.1.3',
51 silly addNameRange     '3.1.4',
51 silly addNameRange     '3.2.0',
51 silly addNameRange     '3.2.1',
51 silly addNameRange     '3.2.2',
51 silly addNameRange     '3.2.3',
51 silly addNameRange     '3.2.4',
51 silly addNameRange     '3.2.5',
51 silly addNameRange     '3.3.0',
51 silly addNameRange     '3.3.1',
51 silly addNameRange     '3.3.2',
51 silly addNameRange     '3.3.4',
51 silly addNameRange     '3.4.0',
51 silly addNameRange     '3.5.0',
51 silly addNameRange     '3.5.1',
51 silly addNameRange     '3.5.2',
51 silly addNameRange     '3.5.5',
51 silly addNameRange     '3.5.6',
51 silly addNameRange     '3.6.0',
51 silly addNameRange     '3.6.1',
51 silly addNameRange     '3.6.2',
51 silly addNameRange     '3.7.0',
51 silly addNameRange     '3.8.0',
51 silly addNameRange     '3.8.1',
51 silly addNameRange     '3.8.2',
51 silly addNameRange     '3.8.3',
51 silly addNameRange     '3.8.4',
51 silly addNameRange     '3.8.5',
51 silly addNameRange     '3.8.6',
51 silly addNameRange     '3.8.7',
51 silly addNameRange     '3.8.8',
51 silly addNameRange     '3.8.9',
51 silly addNameRange     '3.8.10',
51 silly addNameRange     '3.8.11',
51 silly addNameRange     '3.9.0' ] ]
52 silly addNamed gulp@3.9.0
53 verbose addNamed "3.9.0" is a plain semver version for gulp
54 silly cache afterAdd gulp@3.9.0
55 verbose afterAdd /home/adminuser/.npm/gulp/3.9.0/package/package.json not in flight; writing
56 silly cache afterAdd bower@1.5.2
57 verbose afterAdd /home/adminuser/.npm/bower/1.5.2/package/package.json not in flight; writing
58 verbose afterAdd /home/adminuser/.npm/gulp/3.9.0/package/package.json written
59 verbose afterAdd /home/adminuser/.npm/bower/1.5.2/package/package.json written
60 silly install resolved [ { name: 'gulp',
60 silly install resolved     description: 'The streaming build system',
60 silly install resolved     version: '3.9.0',
60 silly install resolved     homepage: 'http://gulpjs.com',
60 silly install resolved     repository: { type: 'git', url: 'git+https://github.com/gulpjs/gulp.git' },
60 silly install resolved     author:
60 silly install resolved      { name: 'Fractal',
60 silly install resolved        email: 'contact@wearefractal.com',
60 silly install resolved        url: 'http://wearefractal.com/' },
60 silly install resolved     tags: [ 'build', 'stream', 'system', 'make', 'tool', 'asset', 'pipeline' ],
60 silly install resolved     files: [ 'index.js', 'lib', 'bin', 'completion' ],
60 silly install resolved     bin: { gulp: './bin/gulp.js' },
60 silly install resolved     man: [ 'gulp.1' ],
60 silly install resolved     dependencies:
60 silly install resolved      { archy: '^1.0.0',
60 silly install resolved        chalk: '^1.0.0',
60 silly install resolved        deprecated: '^0.0.1',
60 silly install resolved        'gulp-util': '^3.0.0',
60 silly install resolved        interpret: '^0.6.2',
60 silly install resolved        liftoff: '^2.1.0',
60 silly install resolved        minimist: '^1.1.0',
60 silly install resolved        orchestrator: '^0.3.0',
60 silly install resolved        'pretty-hrtime': '^1.0.0',
60 silly install resolved        semver: '^4.1.0',
60 silly install resolved        tildify: '^1.0.0',
60 silly install resolved        v8flags: '^2.0.2',
60 silly install resolved        'vinyl-fs': '^0.3.0' },
60 silly install resolved     devDependencies:
60 silly install resolved      { coveralls: '^2.7.0',
60 silly install resolved        'graceful-fs': '^3.0.0',
60 silly install resolved        istanbul: '^0.3.0',
60 silly install resolved        jscs: '~1.12.0',
60 silly install resolved        jshint: '^2.5.0',
60 silly install resolved        'jshint-stylish': '^1.0.0',
60 silly install resolved        'marked-man': '^0.1.3',
60 silly install resolved        mkdirp: '^0.5.0',
60 silly install resolved        mocha: '^2.0.1',
60 silly install resolved        'mocha-lcov-reporter': '^0.0.1',
60 silly install resolved        q: '^1.0.0',
60 silly install resolved        rimraf: '^2.2.5',
60 silly install resolved        should: '^5.0.1' },
60 silly install resolved     scripts:
60 silly install resolved      { prepublish: 'marked-man --name gulp docs/CLI.md > gulp.1',
60 silly install resolved        lint: 'jshint lib bin test index.js --reporter node_modules/jshint-stylish/stylish.js --exclude node_modules && jscs lib bin test index.js',
60 silly install resolved        test: 'npm run-script lint && mocha --reporter spec',
60 silly install resolved        coveralls: 'istanbul cover _mocha --report lcovonly -- -R spec && cat ./coverage/lcov.info | coveralls && rm -rf ./coverage' },
60 silly install resolved     engines: { node: '>= 0.9' },
60 silly install resolved     license: 'MIT',
60 silly install resolved     gitHead: '657213a52d5e9c19b85df6a42f76341a98c08ae8',
60 silly install resolved     bugs: { url: 'https://github.com/gulpjs/gulp/issues' },
60 silly install resolved     _id: 'gulp@3.9.0',
60 silly install resolved     _shasum: 'cf1fba4cb558bb8c6ae6c9613f583ae2620d214a',
60 silly install resolved     _from: 'gulp@*',
60 silly install resolved     _npmVersion: '2.8.3',
60 silly install resolved     _nodeVersion: '0.10.36',
60 silly install resolved     _npmUser: { name: 'phated', email: 'blaine@iceddev.com' },
60 silly install resolved     maintainers: [ [Object], [Object] ],
60 silly install resolved     dist:
60 silly install resolved      { shasum: 'cf1fba4cb558bb8c6ae6c9613f583ae2620d214a',
60 silly install resolved        tarball: 'http://registry.npmjs.org/gulp/-/gulp-3.9.0.tgz' },
60 silly install resolved     directories: {},
60 silly install resolved     _resolved: 'https://registry.npmjs.org/gulp/-/gulp-3.9.0.tgz',
60 silly install resolved     readme: 'ERROR: No README data found!' },
60 silly install resolved   { name: 'bower',
60 silly install resolved     version: '1.5.2',
60 silly install resolved     description: 'The browser package manager',
60 silly install resolved     author: { name: 'Twitter' },
60 silly install resolved     license: 'MIT',
60 silly install resolved     repository: { type: 'git', url: 'git+https://github.com/bower/bower.git' },
60 silly install resolved     main: 'lib',
60 silly install resolved     homepage: 'http://bower.io',
60 silly install resolved     engines: { node: '>=0.10.0' },
60 silly install resolved     dependencies:
60 silly install resolved      { abbrev: '^1.0.5',
60 silly install resolved        archy: '1.0.0',
60 silly install resolved        'bower-config': '^0.6.1',
60 silly install resolved        'bower-endpoint-parser': '^0.2.2',
60 silly install resolved        'bower-json': '^0.4.0',
60 silly install resolved        'bower-logger': '^0.2.2',
60 silly install resolved        'bower-registry-client': '^0.3.0',
60 silly install resolved        cardinal: '0.4.4',
60 silly install resolved        chalk: '^1.0.0',
60 silly install resolved        chmodr: '0.1.0',
60 silly install resolved        configstore: '^0.3.2',
60 silly install resolved        'decompress-zip': '^0.1.0',
60 silly install resolved        'deep-sort-object': '~0.1.1',
60 silly install resolved        fstream: '^1.0.3',
60 silly install resolved        'fstream-ignore': '^1.0.2',
60 silly install resolved        github: '^0.2.3',
60 silly install resolved        glob: '^4.3.2',
60 silly install resolved        'graceful-fs': '^3.0.5',
60 silly install resolved        handlebars: '^2.0.0',
60 silly install resolved        inquirer: '0.8.0',
60 silly install resolved        insight: '^0.5.0',
60 silly install resolved        'is-root': '^1.0.0',
60 silly install resolved        junk: '^1.0.0',
60 silly install resolved        lockfile: '^1.0.0',
60 silly install resolved        'lru-cache': '^2.5.0',
60 silly install resolved        mkdirp: '0.5.0',
60 silly install resolved        mout: '^0.11.0',
60 silly install resolved        nopt: '^3.0.1',
60 silly install resolved        opn: '^1.0.1',
60 silly install resolved        'p-throttler': '0.1.1',
60 silly install resolved        promptly: '0.2.0',
60 silly install resolved        q: '^1.1.2',
60 silly install resolved        request: '2.53.0',
60 silly install resolved        'request-progress': '0.3.1',
60 silly install resolved        retry: '0.6.1',
60 silly install resolved        rimraf: '^2.2.8',
60 silly install resolved        semver: '^2.3.0',
60 silly install resolved        'shell-quote': '^1.4.2',
60 silly install resolved        'stringify-object': '^1.0.0',
60 silly install resolved        'tar-fs': '^1.4.1',
60 silly install resolved        tmp: '0.0.24',
60 silly install resolved        'update-notifier': '^0.3.0',
60 silly install resolved        'user-home': '^1.1.0',
60 silly install resolved        which: '^1.0.8' },
60 silly install resolved     devDependencies:
60 silly install resolved      { chai: '^1.10.0',
60 silly install resolved        coveralls: '^2.11.2',
60 silly install resolved        'expect.js': '^0.3.1',
60 silly install resolved        grunt: '^0.4.5',
60 silly install resolved        'grunt-cli': '^0.1.13',
60 silly install resolved        'grunt-contrib-jshint': '^0.10.0',
60 silly install resolved        'grunt-contrib-watch': '^0.6.1',
60 silly install resolved        'grunt-exec': '^0.4.6',
60 silly install resolved        'grunt-simple-mocha': '^0.4.0',
60 silly install resolved        istanbul: '^0.3.5',
60 silly install resolved        'load-grunt-tasks': '^2.0.0',
60 silly install resolved        mocha: '^2.1.0',
60 silly install resolved        multiline: '^1.0.2',
60 silly install resolved        nock: '^0.56.0',
60 silly install resolved        'node-uuid': '^1.4.2',
60 silly install resolved        proxyquire: '^1.3.0',
60 silly install resolved        'spawn-sync': '^1.0.5' },
60 silly install resolved     scripts: { test: 'grunt test' },
60 silly install resolved     bin: { bower: 'bin/bower' },
60 silly install resolved     files: [ 'bin', 'lib', 'templates' ],
60 silly install resolved     gitHead: '64d990ba102c8491c474dd99605b9a9725e62cbb',
60 silly install resolved     bugs: { url: 'https://github.com/bower/bower/issues' },
60 silly install resolved     _id: 'bower@1.5.2',
60 silly install resolved     _shasum: 'be291d6c36f1740779abff1c61aca5633e265327',
60 silly install resolved     _from: 'bower@*',
60 silly install resolved     _npmVersion: '2.11.3',
60 silly install resolved     _nodeVersion: '0.12.7',
60 silly install resolved     _npmUser: { name: 'sheerun', email: 'sheerun@sher.pl' },
60 silly install resolved     dist:
60 silly install resolved      { shasum: 'be291d6c36f1740779abff1c61aca5633e265327',
60 silly install resolved        tarball: 'http://registry.npmjs.org/bower/-/bower-1.5.2.tgz' },
60 silly install resolved     maintainers: [ [Object], [Object], [Object], [Object], [Object], [Object] ],
60 silly install resolved     directories: {},
60 silly install resolved     _resolved: 'https://registry.npmjs.org/bower/-/bower-1.5.2.tgz',
60 silly install resolved     readme: 'ERROR: No README data found!' } ]
61 info install gulp@3.9.0 into /usr/lib
62 info install bower@1.5.2 into /usr/lib
63 info installOne gulp@3.9.0
64 verbose installOne of gulp to /usr/lib not in flight; installing
65 info installOne bower@1.5.2
66 verbose installOne of bower to /usr/lib not in flight; installing
67 warn locking Error: EACCES, open '/home/adminuser/.npm/_locks/gulp-3f670245b9c8bfc5.lock'
67 warn locking     at Error (native)
67 warn locking  /home/adminuser/.npm/_locks/gulp-3f670245b9c8bfc5.lock failed { [Error: EACCES, open '/home/adminuser/.npm/_locks/gulp-3f670245b9c8bfc5.lock']
67 warn locking   errno: -13,
67 warn locking   code: 'EACCES',
67 warn locking   path: '/home/adminuser/.npm/_locks/gulp-3f670245b9c8bfc5.lock' }
68 verbose stack Error: Attempt to unlock /usr/lib/node_modules/gulp, which hasn't been locked
68 verbose stack     at unlock (/usr/lib/node_modules/npm/lib/utils/locker.js:66:11)
68 verbose stack     at cb (/usr/lib/node_modules/npm/lib/install.js:1017:5)
68 verbose stack     at /usr/lib/node_modules/npm/lib/install.js:1021:20
68 verbose stack     at /usr/lib/node_modules/npm/lib/utils/locker.js:40:9
68 verbose stack     at cb (/usr/lib/node_modules/npm/node_modules/lockfile/lockfile.js:149:38)
68 verbose stack     at /usr/lib/node_modules/npm/node_modules/lockfile/lockfile.js:177:38
68 verbose stack     at FSReqWrap.oncomplete (fs.js:95:15)
69 verbose cwd /home/adminuser/Desktop/COMP3550A1/Comp3550A1/comp3550Polymer
70 error Linux 3.19.0-28-generic
71 error argv "/usr/bin/node" "/usr/bin/npm" "install" "-g" "gulp" "bower"
72 error node v0.12.7
73 error npm  v2.11.3
74 error Attempt to unlock /usr/lib/node_modules/gulp, which hasn't been locked
75 error If you need help, you may report this error at:
75 error     <https://github.com/npm/npm/issues>
76 verbose exit [ 1, true ]
